TN:
SF:src/RewardToken.sol
FN:15,RewardToken.mint
FNDA:4,RewardToken.mint
DA:16,4
FNF:1
FNH:1
LF:1
LH:1
BRF:0
BRH:0
end_of_record
TN:
SF:src/StakedToken.sol
FN:34,StakedToken.supportsInterface
FNDA:0,StakedToken.supportsInterface
DA:37,0
FN:44,StakedToken.mintWithDiscount
FNDA:2,StakedToken.mintWithDiscount
DA:48,2
BRDA:48,0,0,-
BRDA:48,0,1,2
DA:49,2
DA:51,2
DA:52,2
DA:53,2
DA:54,2
FN:60,StakedToken.safeMint
FNDA:8,StakedToken.safeMint
DA:61,10
DA:62,10
BRDA:62,1,0,-
BRDA:62,1,1,10
DA:63,10
FN:68,StakedToken.withdrawFunds
FNDA:1,StakedToken.withdrawFunds
DA:69,1
DA:70,1
DA:71,1
DA:74,1
BRDA:74,2,0,-
BRDA:74,2,1,1
FN:82,StakedToken._verifyProof
FNDA:2,StakedToken._verifyProof
DA:87,2
DA:90,2
DA:91,2
BRDA:91,3,0,-
BRDA:91,3,1,2
FNF:5
FNH:4
LF:17
LH:16
BRF:8
BRH:4
end_of_record
TN:
SF:src/StakingPool.sol
FN:48,StakingPool.depositStakeToken
FNDA:5,StakingPool.depositStakeToken
DA:49,5
BRDA:49,0,0,-
BRDA:49,0,1,5
DA:54,5
DA:56,5
DA:59,5
BRDA:59,1,0,1
BRDA:59,1,1,5
DA:60,1
DA:66,5
DA:67,5
DA:68,5
DA:70,5
FN:77,StakingPool.withdrawStakeToken
FNDA:1,StakingPool.withdrawStakeToken
DA:78,1
BRDA:78,2,0,-
BRDA:78,2,1,1
DA:80,1
DA:81,1
DA:82,1
BRDA:82,3,0,-
BRDA:82,3,1,1
DA:84,1
DA:86,1
DA:88,1
DA:90,1
DA:96,1
DA:98,1
DA:100,1
FN:108,StakingPool.withdrawAllRewardToken
FNDA:3,StakingPool.withdrawAllRewardToken
DA:109,4
BRDA:109,4,0,-
BRDA:109,4,1,4
DA:110,4
BRDA:110,5,0,-
BRDA:110,5,1,4
DA:115,4
DA:116,4
DA:121,4
DA:122,4
DA:123,4
DA:125,4
FN:128,StakingPool.onERC721Received
FNDA:5,StakingPool.onERC721Received
DA:134,5
BRDA:134,6,0,-
BRDA:134,6,1,5
DA:135,5
DA:136,5
FNF:4
FNH:4
LF:31
LH:31
BRF:14
BRH:8
end_of_record
