TN:
SF:src/NFT.sol
FN:13,NFT.mint
FNDA:1,NFT.mint
DA:17,1
DA:18,20
BRDA:18,0,0,-
BRDA:18,0,1,20
DA:19,20
FNF:1
FNH:1
LF:3
LH:3
BRF:2
BRH:1
end_of_record
TN:
SF:src/PrimeNFTFilter.sol
FN:21,PrimeNFTFilter.findPrimeCount
FNDA:1,PrimeNFTFilter.findPrimeCount
DA:22,1
DA:23,1
DA:24,1
DA:25,20
DA:26,20
BRDA:26,0,0,7
BRDA:26,0,1,20
DA:27,7
DA:30,1
FN:36,PrimeNFTFilter.isPrime
FNDA:20,PrimeNFTFilter.isPrime
DA:37,20
BRDA:37,1,0,-
BRDA:37,1,1,20
DA:38,20
DA:39,47
BRDA:39,2,0,13
BRDA:39,2,1,34
DA:41,7
FNF:2
FNH:2
LF:11
LH:11
BRF:6
BRH:5
end_of_record
